<?xml version="1.0" encoding="UTF-8"?>
<testsuite xmlns:xsi="http://www.w3.org/2001/XMLSchema-instance" xsi:schemaLocation="https://maven.apache.org/surefire/maven-surefire-plugin/xsd/surefire-test-report.xsd" name="tn.esprit.spring.ContratServiceImplTest" time="12.535" tests="1" errors="0" skipped="0" failures="1">
  <properties>
[...]
</properties>
  <testcase name="testRetrieveAllContrat" classname="tn.esprit.spring.ContratServiceImplTest" time="0.207">
    <failure message="expected:&lt;2&gt; but was:&lt;5&gt;" type="java.lang.AssertionError"><![CDATA[java.lang.AssertionError: expected:<2> but was:<5>
	at tn.esprit.spring.ContratServiceImplTest.testRetrieveAllContrat(ContratServiceImplTest.java:34)
]]></failure>
    <system-out><![CDATA[22:18:25.934 [main] DEBUG org.springframework.test.context.junit4.SpringJUnit4ClassRunner - SpringJUnit4ClassRunner constructor called with [class tn.esprit.spring.ContratServiceImplTest]
22:18:25.954 [main] DEBUG org.springframework.test.context.BootstrapUtils - Instantiating CacheAwareContextLoaderDelegate from class [org.springframework.test.context.cache.DefaultCacheAwareContextLoaderDelegate]
22:18:25.979 [main] DEBUG org.springframework.test.context.BootstrapUtils - Instantiating BootstrapContext using constructor [public org.springframework.test.context.support.DefaultBootstrapContext(java.lang.Class,org.springframework.test.context.CacheAwareContextLoaderDelegate)]
22:18:26.069 [main] DEBUG org.springframework.test.context.BootstrapUtils - Instantiating TestContextBootstrapper for test class [tn.esprit.spring.ContratServiceImplTest] from class [org.springframework.boot.test.context.SpringBootTestContextBootstrapper]
22:18:26.110 [main] INFO org.springframework.boot.test.context.SpringBootTestContextBootstrapper - Neither @ContextConfiguration nor @ContextHierarchy found for test class [tn.esprit.spring.ContratServiceImplTest], using SpringBootContextLoader
22:18:26.129 [main] DEBUG org.springframework.test.context.support.AbstractContextLoader - Did not detect default resource location for test class [tn.esprit.spring.ContratServiceImplTest]: class path resource [tn/esprit/spring/ContratServiceImplTest-context.xml] does not exist
22:18:26.131 [main] DEBUG org.springframework.test.context.support.AbstractContextLoader - Did not detect default resource location for test class [tn.esprit.spring.ContratServiceImplTest]: class path resource [tn/esprit/spring/ContratServiceImplTestContext.groovy] does not exist
22:18:26.131 [main] INFO org.springframework.test.context.support.AbstractContextLoader - Could not detect default resource locations for test class [tn.esprit.spring.ContratServiceImplTest]: no resource found for suffixes {-context.xml, Context.groovy}.
22:18:26.133 [main] INFO org.springframework.test.context.support.AnnotationConfigContextLoaderUtils - Could not detect default configuration classes for test class [tn.esprit.spring.ContratServiceImplTest]: ContratServiceImplTest does not declare any static, non-private, non-final, nested classes annotated with @Configuration.
22:18:26.235 [main] DEBUG org.springframework.test.context.support.ActiveProfilesUtils - Could not find an 'annotation declaring class' for annotation type [org.springframework.test.context.ActiveProfiles] and class [tn.esprit.spring.ContratServiceImplTest]
22:18:26.472 [main] DEBUG org.springframework.context.annotation.ClassPathScanningCandidateComponentProvider - Identified candidate component class: file [C:\Users\Mahmoud\Desktop\Esprit\ESPRIT Finals\Intégration Continue\Projets\Integration\src\main\webapp\WEB-INF\classes\tn\esprit\spring\TimesheetApplication.class]
22:18:26.474 [main] INFO org.springframework.boot.test.context.SpringBootTestContextBootstrapper - Found @SpringBootConfiguration tn.esprit.spring.TimesheetApplication for test class tn.esprit.spring.ContratServiceImplTest
22:18:26.708 [main] DEBUG org.springframework.boot.test.context.SpringBootTestContextBootstrapper - @TestExecutionListeners is not present for class [tn.esprit.spring.ContratServiceImplTest]: using defaults.
22:18:26.709 [main] INFO org.springframework.boot.test.context.SpringBootTestContextBootstrapper - Loaded default TestExecutionListener class names from location [META-INF/spring.factories]: [org.springframework.boot.test.mock.mockito.MockitoTestExecutionListener, org.springframework.boot.test.mock.mockito.ResetMocksTestExecutionListener, org.springframework.boot.test.autoconfigure.restdocs.RestDocsTestExecutionListener, org.springframework.boot.test.autoconfigure.web.client.MockRestServiceServerResetTestExecutionListener, org.springframework.boot.test.autoconfigure.web.servlet.MockMvcPrintOnlyOnFailureTestExecutionListener, org.springframework.boot.test.autoconfigure.web.servlet.WebDriverTestExecutionListener, org.springframework.test.context.web.ServletTestExecutionListener, org.springframework.test.context.support.DirtiesContextBeforeModesTestExecutionListener, org.springframework.test.context.support.DependencyInjectionTestExecutionListener, org.springframework.test.context.support.DirtiesContextTestExecutionListener, org.springframework.test.context.transaction.TransactionalTestExecutionListener, org.springframework.test.context.jdbc.SqlScriptsTestExecutionListener, org.springframework.test.context.event.EventPublishingTestExecutionListener]
22:18:26.773 [main] INFO org.springframework.boot.test.context.SpringBootTestContextBootstrapper - Using TestExecutionListeners: [org.springframework.test.context.web.ServletTestExecutionListener@5b94b04d, org.springframework.test.context.support.DirtiesContextBeforeModesTestExecutionListener@8c3b9d, org.springframework.boot.test.mock.mockito.MockitoTestExecutionListener@4c39bec8, org.springframework.boot.test.autoconfigure.SpringBootDependencyInjectionTestExecutionListener@f79e, org.springframework.test.context.support.DirtiesContextTestExecutionListener@7ee8290b, org.springframework.test.context.transaction.TransactionalTestExecutionListener@1f59a598, org.springframework.test.context.jdbc.SqlScriptsTestExecutionListener@1e178745, org.springframework.test.context.event.EventPublishingTestExecutionListener@192c3f1e, org.springframework.boot.test.mock.mockito.ResetMocksTestExecutionListener@26b3fd41, org.springframework.boot.test.autoconfigure.restdocs.RestDocsTestExecutionListener@7494f96a, org.springframework.boot.test.autoconfigure.web.client.MockRestServiceServerResetTestExecutionListener@561b6512, org.springframework.boot.test.autoconfigure.web.servlet.MockMvcPrintOnlyOnFailureTestExecutionListener@2e377400, org.springframework.boot.test.autoconfigure.web.servlet.WebDriverTestExecutionListener@1757cd72]
22:18:26.780 [main] DEBUG org.springframework.test.annotation.ProfileValueUtils - Retrieved @ProfileValueSourceConfiguration [null] for test class [tn.esprit.spring.ContratServiceImplTest]
22:18:26.783 [main] DEBUG org.springframework.test.annotation.ProfileValueUtils - Retrieved ProfileValueSource type [class org.springframework.test.annotation.SystemProfileValueSource] for class [tn.esprit.spring.ContratServiceImplTest]
22:18:26.784 [main] DEBUG org.springframework.test.annotation.ProfileValueUtils - Retrieved @ProfileValueSourceConfiguration [null] for test class [tn.esprit.spring.ContratServiceImplTest]
22:18:26.785 [main] DEBUG org.springframework.test.annotation.ProfileValueUtils - Retrieved ProfileValueSource type [class org.springframework.test.annotation.SystemProfileValueSource] for class [tn.esprit.spring.ContratServiceImplTest]
22:18:26.787 [main] DEBUG org.springframework.test.annotation.ProfileValueUtils - Retrieved @ProfileValueSourceConfiguration [null] for test class [tn.esprit.spring.ContratServiceImplTest]
22:18:26.788 [main] DEBUG org.springframework.test.annotation.ProfileValueUtils - Retrieved ProfileValueSource type [class org.springframework.test.annotation.SystemProfileValueSource] for class [tn.esprit.spring.ContratServiceImplTest]
22:18:26.798 [main] DEBUG org.springframework.test.context.support.AbstractDirtiesContextTestExecutionListener - Before test class: context [DefaultTestContext@5f8edcc5 testClass = ContratServiceImplTest, testInstance = [null], testMethod = [null], testException = [null], mergedContextConfiguration = [WebMergedContextConfiguration@7b02881e testClass = ContratServiceImplTest, locations = '{}', classes = '{class tn.esprit.spring.TimesheetApplication}', contextInitializerClasses = '[]', activeProfiles = '{}', propertySourceLocations = '{}', propertySourceProperties = '{org.springframework.boot.test.context.SpringBootTestContextBootstrapper=true}', contextCustomizers = set[org.springframework.boot.test.context.filter.ExcludeFilterContextCustomizer@32464a14, org.springframework.boot.test.json.DuplicateJsonObjectContextCustomizerFactory$DuplicateJsonObjectContextCustomizer@1efee8e7, org.springframework.boot.test.mock.mockito.MockitoContextCustomizer@0, org.springframework.boot.test.web.client.TestRestTemplateContextCustomizer@31206beb, org.springframework.boot.test.autoconfigure.properties.PropertyMappingContextCustomizer@0, org.springframework.boot.test.autoconfigure.web.servlet.WebDriverContextCustomizerFactory$Customizer@6385cb26], resourceBasePath = 'src/main/webapp', contextLoader = 'org.springframework.boot.test.context.SpringBootContextLoader', parent = [null]], attributes = map['org.springframework.test.context.web.ServletTestExecutionListener.activateListener' -> true]], class annotated with @DirtiesContext [false] with mode [null].
22:18:26.804 [main] DEBUG org.springframework.test.annotation.ProfileValueUtils - Retrieved @ProfileValueSourceConfiguration [null] for test class [tn.esprit.spring.ContratServiceImplTest]
22:18:26.804 [main] DEBUG org.springframework.test.annotation.ProfileValueUtils - Retrieved ProfileValueSource type [class org.springframework.test.annotation.SystemProfileValueSource] for class [tn.esprit.spring.ContratServiceImplTest]
22:18:26.879 [main] DEBUG org.springframework.test.context.support.TestPropertySourceUtils - Adding inlined properties to environment: {spring.jmx.enabled=false, org.springframework.boot.test.context.SpringBootTestContextBootstrapper=true, server.port=-1}

  .   ____          _            __ _ _
 /\\ / ___'_ __ _ _(_)_ __  __ _ \ \ \ \
( ( )\___ | '_ | '_| | '_ \/ _` | \ \ \ \
 \\/  ___)| |_)| | | | | || (_| |  ) ) ) )
  '  |____| .__|_| |_|_| |_\__, | / / / /
 =========|_|==============|___/=/_/_/_/
 :: Spring Boot ::        (v2.2.1.RELEASE)

2020-10-31 22:18:27 - INFO  - tn.esprit.spring.ContratServiceImplTest - Starting ContratServiceImplTest on DESKTOP-B32HI9A with PID 8904 (started by Mahmoud in C:\Users\Mahmoud\Desktop\Esprit\ESPRIT Finals\Intégration Continue\Projets\Integration)
2020-10-31 22:18:27 - INFO  - tn.esprit.spring.ContratServiceImplTest - No active profile set, falling back to default profiles: default
2020-10-31 22:18:31 - INFO  - org.hibernate.jpa.internal.util.LogHelper - HHH000204: Processing PersistenceUnitInfo [name: default]
2020-10-31 22:18:31 - INFO  - org.hibernate.Version - HHH000412: Hibernate Core {5.4.8.Final}
2020-10-31 22:18:31 - INFO  - org.hibernate.annotations.common.Version - HCANN000001: Hibernate Commons Annotations {5.1.0.Final}
2020-10-31 22:18:32 - INFO  - org.hibernate.dialect.Dialect - HHH000400: Using dialect: org.hibernate.dialect.MySQL5InnoDBDialect
2020-10-31 22:18:34 - INFO  - o.h.e.transaction.jta.platform.internal.JtaPlatformInitiator - HHH000490: Using JtaPlatform implementation: [org.hibernate.engine.transaction.jta.platform.internal.NoJtaPlatform]
2020-10-31 22:18:36 - WARN  - o.s.b.a.orm.jpa.JpaBaseConfiguration$JpaWebConfiguration - spring.jpa.open-in-view is enabled by default. Therefore, database queries may be performed during view rendering. Explicitly configure spring.jpa.open-in-view to disable this warning
2020-10-31 22:18:37 - INFO  - tn.esprit.spring.ContratServiceImplTest - Started ContratServiceImplTest in 10.865 seconds (JVM running for 12.805)
Hibernate: select contrat0_.reference as referenc1_0_, contrat0_.date_debut as date_deb2_0_, contrat0_.employe_id as employe_6_0_, contrat0_.salaire as salaire3_0_, contrat0_.telephone as telephon4_0_, contrat0_.type_contrat as type_con5_0_ from contrat contrat0_
]]></system-out>
  </testcase>
</testsuite>