-------------------------------------------------------------------------------
Test set: tn.esprit.spring.EmployeServiceImplTest
-------------------------------------------------------------------------------
Tests run: 2, Failures: 1, Errors: 0, Skipped: 0, Time elapsed: 0.368 sec <<< FAILURE! - in tn.esprit.spring.EmployeServiceImplTest
testAjouterContrat(tn.esprit.spring.EmployeServiceImplTest)  Time elapsed: 0.368 sec  <<< FAILURE!
java.lang.AssertionError: expected:<4> but was:<1>
	at tn.esprit.spring.EmployeServiceImplTest.testAjouterContrat(EmployeServiceImplTest.java:36)

