-------------------------------------------------------------------------------
Test set: tn.esprit.spring.ContratServiceImplTest
-------------------------------------------------------------------------------
Tests run: 1, Failures: 1, Errors: 0, Skipped: 0, Time elapsed: 6.094 sec <<< FAILURE! - in tn.esprit.spring.ContratServiceImplTest
testRetrieveAllContrat(tn.esprit.spring.ContratServiceImplTest)  Time elapsed: 0.108 sec  <<< FAILURE!
java.lang.AssertionError: expected:<2> but was:<3>
	at tn.esprit.spring.ContratServiceImplTest.testRetrieveAllContrat(ContratServiceImplTest.java:34)

