-------------------------------------------------------------------------------
Test set: tn.esprit.spring.DepartementServiceImplTest
-------------------------------------------------------------------------------
Tests run: 1, Failures: 1, Errors: 0, Skipped: 0, Time elapsed: 0.007 sec <<< FAILURE! - in tn.esprit.spring.DepartementServiceImplTest
testRetrieveAllDepartment(tn.esprit.spring.DepartementServiceImplTest)  Time elapsed: 0.007 sec  <<< FAILURE!
java.lang.AssertionError: expected:<3> but was:<4>
	at tn.esprit.spring.DepartementServiceImplTest.testRetrieveAllDepartment(DepartementServiceImplTest.java:28)

