-------------------------------------------------------------------------------
Test set: tn.esprit.spring.ContratServiceImplTest
-------------------------------------------------------------------------------
Tests run: 1, Failures: 1, Errors: 0, Skipped: 0, Time elapsed: 12.535 sec <<< FAILURE! - in tn.esprit.spring.ContratServiceImplTest
testRetrieveAllContrat(tn.esprit.spring.ContratServiceImplTest)  Time elapsed: 0.207 sec  <<< FAILURE!
java.lang.AssertionError: expected:<2> but was:<5>
	at tn.esprit.spring.ContratServiceImplTest.testRetrieveAllContrat(ContratServiceImplTest.java:34)

